! 0 Basic information
states 4
nmstates 4
natom 6
npc 0
charges 0
! 1 Hamiltonian Matrix (4x4, complex)
4 4
-7.792091539616E+001  0.000000000000E+000  0.000000000000E+000  0.000000000000E+000  0.000000000000E+000  0.000000000000E+000  0.000000000000E+000  0.000000000000E+000 
 0.000000000000E+000  0.000000000000E+000 -7.792090798782E+001  0.000000000000E+000  0.000000000000E+000  0.000000000000E+000  0.000000000000E+000  0.000000000000E+000 
 0.000000000000E+000  0.000000000000E+000  0.000000000000E+000  0.000000000000E+000 -7.768293782801E+001  0.000000000000E+000  0.000000000000E+000  0.000000000000E+000 
 0.000000000000E+000  0.000000000000E+000  0.000000000000E+000  0.000000000000E+000  0.000000000000E+000  0.000000000000E+000 -7.765257287483E+001  0.000000000000E+000 

! 2 Dipole Moment Matrices (3x4x4, complex)
4 4
-1.040612534508E+000  0.000000000000E+000 -2.668204996780E-001  0.000000000000E+000  4.083039976410E-002  0.000000000000E+000  1.535638212656E+000  0.000000000000E+000 
-2.668204996780E-001  0.000000000000E+000 -1.281908745070E-002  0.000000000000E+000 -1.630025102097E-001  0.000000000000E+000  3.750878043611E-001  0.000000000000E+000 
 4.083039976410E-002  0.000000000000E+000 -1.630025102097E-001  0.000000000000E+000 -1.002648582571E+000  0.000000000000E+000  2.399797562859E-004  0.000000000000E+000 
 1.535638212656E+000  0.000000000000E+000  3.750878043611E-001  0.000000000000E+000  2.399797562859E-004  0.000000000000E+000 -1.338644167072E+000  0.000000000000E+000 
4 4
 2.368976373576E-002  0.000000000000E+000 -4.633681767104E-002  0.000000000000E+000  4.248112268596E-001  0.000000000000E+000  1.817511824281E-002  0.000000000000E+000 
-4.633681767104E-002  0.000000000000E+000 -2.431743755328E-002  0.000000000000E+000  1.037209952603E-001  0.000000000000E+000 -7.737026182618E-002  0.000000000000E+000 
 4.248112268596E-001  0.000000000000E+000  1.037209952603E-001  0.000000000000E+000  3.638004614936E-005  0.000000000000E+000  1.990061297088E-001  0.000000000000E+000 
 1.817511824281E-002  0.000000000000E+000 -7.737026182618E-002  0.000000000000E+000  1.990061297088E-001  0.000000000000E+000 -2.600863163322E-004  0.000000000000E+000 
4 4
 1.019168098057E+000  0.000000000000E+000  2.278542594668E-001  0.000000000000E+000  2.947409154865E-003  0.000000000000E+000  3.303464259949E-001  0.000000000000E+000 
 2.278542594668E-001  0.000000000000E+000  1.420187407865E-001  0.000000000000E+000 -1.089386524106E-002  0.000000000000E+000  8.082433886530E-002  0.000000000000E+000 
 2.947409154865E-003  0.000000000000E+000 -1.089386524106E-002  0.000000000000E+000  7.600640962137E-001  0.000000000000E+000  1.945492636176E-004  0.000000000000E+000 
 3.303464259949E-001  0.000000000000E+000  8.082433886530E-002  0.000000000000E+000  1.945492636176E-004  0.000000000000E+000  8.538716158178E-001  0.000000000000E+000 

! 3 Gradient Vectors (4x6x3, real)
6 3 ! m1 1 s1 1 ms1 0
-7.407961823564E-003 -3.627768736778E-003 -4.292025915578E-003 
 2.792410094812E-003 -2.017857375841E-003  1.179589945032E-002 
 2.248934040956E-004  1.111164933743E-002  4.746336578196E-004 
 1.192455622897E-002  7.167202712602E-003 -1.551337797791E-002 
 1.199233563079E-003 -1.536383566104E-002 -8.201234121774E-005 
-8.733131467368E-003  2.730609723622E-003  7.616883126563E-003 
6 3 ! m1 1 s1 2 ms1 0
 8.738642391995E-002  3.696184590329E-003  5.075622342638E-002 
-3.341194929582E-002  2.043674160315E-003 -1.393542309929E-001 
-2.529141866532E-003 -1.113884992051E-002 -5.767845123938E-003 
-2.900038162902E-002 -3.133827267470E-002  5.824992689055E-002 
-1.409470201103E-002  1.532401561557E-002  9.692228191107E-004 
-8.350249117546E-003  2.141324822899E-002  3.514670298076E-002 
6 3 ! m1 1 s1 3 ms1 0
 1.791488161742E-001 -1.117780831326E-004 -1.048192100210E-001 
-2.163287869107E-001  1.594877928776E-004  2.154580356692E-002 
-2.361187599687E-002  4.060934761566E-005  3.286125424337E-002 
 3.350044835890E-002 -4.666586617264E-002  2.357207657561E-002 
-6.137026285546E-003 -1.187839255186E-005  3.135645508252E-003 
 3.342842466004E-002  4.658942550783E-002  2.370443012681E-002 
6 3 ! m1 1 s1 4 ms1 0
 2.025838479790E-001  4.853771559450E-005  1.549028904200E-002 
-1.443341283722E-001  7.148019108393E-006 -3.655160113105E-003 
-1.396797037759E-003 -4.371910153873E-005 -3.696999766098E-003 
-2.980588246724E-002 -8.763374381970E-003 -5.528703407893E-003 
 2.794447969288E-003 -1.225437827362E-005  2.947587747628E-003 
-2.984148807098E-002  8.763662127081E-003 -5.557013502517E-003 

! 5 Non-adiabatic couplings (ddr) (4x4x6x3, real)
6 3 ! m1 1 s1 1 ms1 0   m2 1 s2 1 ms2 0
 0.000000000000E+000  0.000000000000E+000  0.000000000000E+000 
 0.000000000000E+000  0.000000000000E+000  0.000000000000E+000 
 0.000000000000E+000  0.000000000000E+000  0.000000000000E+000 
 0.000000000000E+000  0.000000000000E+000  0.000000000000E+000 
 0.000000000000E+000  0.000000000000E+000  0.000000000000E+000 
 0.000000000000E+000  0.000000000000E+000  0.000000000000E+000 
6 3 ! m1 1 s1 1 ms1 0   m2 1 s2 2 ms2 0
 3.355467666361E+003 -9.686670283954E+002  1.949376475243E+003 
-1.281045384220E+003 -5.103531374214E+002 -5.357760639778E+003 
-9.910011907017E+001  2.891053025188E+003 -2.222659410587E+002 
 1.966320424558E+003  2.675727846169E+002 -1.204298153779E+003 
-5.409167421971E+002 -3.979252495387E+003  3.695181175589E+001 
-3.400725843753E+003  2.299646590015E+003  4.797996469608E+003 
6 3 ! m1 1 s1 1 ms1 0   m2 1 s2 3 ms2 0
-4.085961818269E-002  1.690214550298E-001 -8.809750229656E-002 
 3.976203345119E-002 -6.020310430062E-001  2.642973432394E-002 
-3.231714639396E-004  2.515619714685E-001  7.578568656447E-003 
-1.147924558115E-001  6.106774945768E-003  1.211155552075E-001 
 1.237025332738E-002  3.078425040435E-002  6.925047775514E-003 
 9.360327416562E-002  4.740855126893E-002 -8.058149841178E-002 
6 3 ! m1 1 s1 1 ms1 0   m2 1 s2 4 ms2 0
-1.147152267778E-001  1.020500798401E-002 -3.756676388465E-002 
-2.864092749528E-001  1.121050410613E-003 -3.215648299971E-001 
 1.936850926909E-002  1.435778442363E-002  1.659371934174E-002 
-1.773011108149E-002 -8.274487235439E-002  1.514970356643E-001 
 2.325497708603E-002 -1.872549329505E-002 -6.050568261958E-003 
 2.746861302493E-002  6.753622125455E-002  1.250036506286E-001 
6 3 ! m1 1 s1 2 ms1 0   m2 1 s2 1 ms2 0
-3.355467666361E+003  9.686670283954E+002 -1.949376475243E+003 
 1.281045384220E+003  5.103531374214E+002  5.357760639778E+003 
 9.910011907017E+001 -2.891053025188E+003  2.222659410587E+002 
-1.966320424558E+003 -2.675727846169E+002  1.204298153779E+003 
 5.409167421971E+002  3.979252495387E+003 -3.695181175589E+001 
 3.400725843753E+003 -2.299646590015E+003 -4.797996469608E+003 
6 3 ! m1 1 s1 2 ms1 0   m2 1 s2 2 ms2 0
 0.000000000000E+000  0.000000000000E+000  0.000000000000E+000 
 0.000000000000E+000  0.000000000000E+000  0.000000000000E+000 
 0.000000000000E+000  0.000000000000E+000  0.000000000000E+000 
 0.000000000000E+000  0.000000000000E+000  0.000000000000E+000 
 0.000000000000E+000  0.000000000000E+000  0.000000000000E+000 
 0.000000000000E+000  0.000000000000E+000  0.000000000000E+000 
6 3 ! m1 1 s1 2 ms1 0   m2 1 s2 3 ms2 0
 1.673491577258E-001  4.155672150647E-002  3.585975591187E-001 
-1.644812903773E-001 -1.478663015167E-001 -1.088144350331E-001 
 9.248037940926E-004  6.167777681157E-002 -3.136802245057E-002 
 1.833226711183E-002  9.008135096349E-002 -5.703517059261E-002 
-5.027443959739E-002  7.586001603700E-003 -2.808655676550E-002 
 6.922003649101E-002 -7.686652062581E-002 -1.064423157850E-001 
6 3 ! m1 1 s1 2 ms1 0   m2 1 s2 4 ms2 0
-2.822698216302E-002 -4.114323718621E-002 -9.418097472015E-003 
-7.028610264245E-002 -2.556033910372E-003 -7.896132211497E-002 
 4.786220210215E-003 -5.939501827748E-002  4.116845804128E-003 
 9.381120854655E-002  1.216992382689E-002 -2.018624883091E-002 
 5.724149842261E-003  7.599335692975E-002 -1.466289496292E-003 
-9.143757312146E-002  4.923931104237E-002  8.817311968108E-002 
6 3 ! m1 1 s1 3 ms1 0   m2 1 s2 1 ms2 0
 4.085961818269E-002 -1.690214550298E-001  8.809750229656E-002 
-3.976203345119E-002  6.020310430062E-001 -2.642973432394E-002 
 3.231714639396E-004 -2.515619714685E-001 -7.578568656447E-003 
 1.147924558115E-001 -6.106774945768E-003 -1.211155552075E-001 
-1.237025332738E-002 -3.078425040435E-002 -6.925047775514E-003 
-9.360327416562E-002 -4.740855126893E-002  8.058149841178E-002 
6 3 ! m1 1 s1 3 ms1 0   m2 1 s2 2 ms2 0
-1.673491577258E-001 -4.155672150647E-002 -3.585975591187E-001 
 1.644812903773E-001  1.478663015167E-001  1.088144350331E-001 
-9.248037940926E-004 -6.167777681157E-002  3.136802245057E-002 
-1.833226711183E-002 -9.008135096349E-002  5.703517059261E-002 
 5.027443959739E-002 -7.586001603700E-003  2.808655676550E-002 
-6.922003649101E-002  7.686652062581E-002  1.064423157850E-001 
6 3 ! m1 1 s1 3 ms1 0   m2 1 s2 3 ms2 0
 0.000000000000E+000  0.000000000000E+000  0.000000000000E+000 
 0.000000000000E+000  0.000000000000E+000  0.000000000000E+000 
 0.000000000000E+000  0.000000000000E+000  0.000000000000E+000 
 0.000000000000E+000  0.000000000000E+000  0.000000000000E+000 
 0.000000000000E+000  0.000000000000E+000  0.000000000000E+000 
 0.000000000000E+000  0.000000000000E+000  0.000000000000E+000 
6 3 ! m1 1 s1 3 ms1 0   m2 1 s2 4 ms2 0
-4.362515923885E-004  1.849125588912E+000 -2.647285346672E-003 
-2.351506109191E-003 -1.301952565843E+000 -1.079490260654E-003 
-1.399674322528E-004 -8.674979017604E-001  1.254701820003E-003 
-5.201078367898E-001  1.360021542251E-001  7.202008229830E-001 
-2.601762623646E-004  4.275212327959E-003  2.905780120715E-006 
 5.232906740823E-001  1.374031440751E-001 -7.177326557824E-001 
6 3 ! m1 1 s1 4 ms1 0   m2 1 s2 1 ms2 0
 1.147152267778E-001 -1.020500798401E-002  3.756676388465E-002 
 2.864092749528E-001 -1.121050410613E-003  3.215648299971E-001 
-1.936850926909E-002 -1.435778442363E-002 -1.659371934174E-002 
 1.773011108149E-002  8.274487235439E-002 -1.514970356643E-001 
-2.325497708603E-002  1.872549329505E-002  6.050568261958E-003 
-2.746861302493E-002 -6.753622125455E-002 -1.250036506286E-001 
6 3 ! m1 1 s1 4 ms1 0   m2 1 s2 2 ms2 0
 2.822698216302E-002  4.114323718621E-002  9.418097472015E-003 
 7.028610264245E-002  2.556033910372E-003  7.896132211497E-002 
-4.786220210215E-003  5.939501827748E-002 -4.116845804128E-003 
-9.381120854655E-002 -1.216992382689E-002  2.018624883091E-002 
-5.724149842261E-003 -7.599335692975E-002  1.466289496292E-003 
 9.143757312146E-002 -4.923931104237E-002 -8.817311968108E-002 
6 3 ! m1 1 s1 4 ms1 0   m2 1 s2 3 ms2 0
 4.362515923885E-004 -1.849125588912E+000  2.647285346672E-003 
 2.351506109191E-003  1.301952565843E+000  1.079490260654E-003 
 1.399674322528E-004  8.674979017604E-001 -1.254701820003E-003 
 5.201078367898E-001 -1.360021542251E-001 -7.202008229830E-001 
 2.601762623646E-004 -4.275212327959E-003 -2.905780120715E-006 
-5.232906740823E-001 -1.374031440751E-001  7.177326557824E-001 
6 3 ! m1 1 s1 4 ms1 0   m2 1 s2 4 ms2 0
 0.000000000000E+000  0.000000000000E+000  0.000000000000E+000 
 0.000000000000E+000  0.000000000000E+000  0.000000000000E+000 
 0.000000000000E+000  0.000000000000E+000  0.000000000000E+000 
 0.000000000000E+000  0.000000000000E+000  0.000000000000E+000 
 0.000000000000E+000  0.000000000000E+000  0.000000000000E+000 
 0.000000000000E+000  0.000000000000E+000  0.000000000000E+000 

! 8 Runtime
 6.400000000E+001
